---------------------------------------------------------------------------
TxId	Txtype	Operation	ObId:Obvalue:optime	LockType	Status		TxStatus
T1		W		BeginTx
T2		W		BeginTx
T1				readTx		1:-1:29614			ReadLock	Granted		 P
T3		W		BeginTx
T5		R		BeginTx
T3				writeTx		6:1:19271			WriteLock	Granted		 P
T2				writeTx		4:1:3675			WriteLock	Granted		 P
T5				readTx		1:-2:16371			ReadLock	Granted		 P
T2				writeTx		5:1:3675			WriteLock	Granted		 P
T2				CommitTx
T3				writeTx		7:1:19271			WriteLock	Granted		 P
T5				readTx		2:-1:16371			ReadLock	Granted		 P
T3				readTx		9:-1:19271			ReadLock	Granted		 P
T5				readTx		3:-1:16371			ReadLock	Granted		 P
T3				AbortTx
T5				readTx		8:-1:16371			ReadLock	Granted		 P
T5				readTx		6:0:16371			ReadLock	Granted		 P
T5				readTx		7:0:16371			ReadLock	Granted		 P
T5				AbortTx
T1				writeTx		2:0:29614			WriteLock	Granted		 P
T1				readTx		3:-2:29614			ReadLock	Granted		 P
T1				writeTx		8:0:29614			WriteLock	Granted		 P
T1				AbortTx
