---------------------------------------------------------------------------
TxId	Txtype	Operation	ObId:Obvalue:optime	LockType	Status		TxStatus
T1		W		BeginTx
T2		W		BeginTx
T1				readTx		1:0:29614			ReadLock	Granted		 P
T2				writeTx		4:0:3675			WriteLock	Granted		 P
T5		R		BeginTx
T3		W		BeginTx
T5				readTx		1:33:16371			ReadLock	Granted		 P
T3				writeTx		6:0:19271			WriteLock	Granted		 P
T2				writeTx		5:0:3675			WriteLock	Granted		 P
T5				readTx		2:0:16371			ReadLock	Granted		 P
T1				writeTx		2:0:29614			WriteLock	Granted		 P
T3				writeTx		7:0:19271			WriteLock	Granted		 P
T5				readTx		3:0:16371			ReadLock	Granted		 P
T3				readTx		9:0:19271			ReadLock	Granted		 P
T2				CommitTx
T1				readTx		3:33:29614			ReadLock	Granted		 P
T5				readTx		8:0:16371			ReadLock	Granted		 P
T3				AbortTx
T1				writeTx		8:0:29614			WriteLock	Granted		 P
T5				readTx		6:0:16371			ReadLock	Granted		 P
T1				AbortTx
T5				readTx		7:0:16371			ReadLock	Granted		 P
T5				AbortTx
